0 info it worked if it ends with ok
1 verbose cli [ 'C:\\Program Files\\nodejs\\node.exe',
1 verbose cli   'C:\\Program Files\\nodejs\\node_modules\\npm\\bin\\npm-cli.js',
1 verbose cli   'install',
1 verbose cli   'nativescript-scrollview' ]
2 info using npm@2.15.9
3 info using node@v4.5.0
4 verbose install initial load of C:\Users\AzEulB\GravityDesigns\package.json
5 verbose installManyTop reading scoped package data from C:\Users\AzEulB\GravityDesigns\node_modules\babel-traverse\package.json
6 verbose installManyTop reading scoped package data from C:\Users\AzEulB\GravityDesigns\node_modules\babel-types\package.json
7 verbose installManyTop reading scoped package data from C:\Users\AzEulB\GravityDesigns\node_modules\babylon\package.json
8 verbose installManyTop reading scoped package data from C:\Users\AzEulB\GravityDesigns\node_modules\lazy\package.json
9 verbose installManyTop reading scoped package data from C:\Users\AzEulB\GravityDesigns\node_modules\nativescript-angular\package.json
10 verbose installManyTop reading scoped package data from C:\Users\AzEulB\GravityDesigns\node_modules\nativescript-cardview\package.json
11 verbose installManyTop reading scoped package data from C:\Users\AzEulB\GravityDesigns\node_modules\nativescript-dev-typescript\package.json
12 verbose installManyTop reading scoped package data from C:\Users\AzEulB\GravityDesigns\node_modules\nativescript-theme-core\package.json
13 verbose installManyTop reading scoped package data from C:\Users\AzEulB\GravityDesigns\node_modules\reflect-metadata\package.json
14 verbose installManyTop reading scoped package data from C:\Users\AzEulB\GravityDesigns\node_modules\rxjs\package.json
15 verbose installManyTop reading scoped package data from C:\Users\AzEulB\GravityDesigns\node_modules\tns-core-modules\package.json
16 verbose installManyTop reading scoped package data from C:\Users\AzEulB\GravityDesigns\node_modules\typescript\package.json
17 verbose installManyTop reading scoped package data from C:\Users\AzEulB\GravityDesigns\node_modules\zone.js\package.json
18 verbose installManyTop reading scoped package data from C:\Users\AzEulB\GravityDesigns\node_modules\@angular\common\package.json
19 verbose installManyTop reading scoped package data from C:\Users\AzEulB\GravityDesigns\node_modules\@angular\compiler\package.json
20 verbose installManyTop reading scoped package data from C:\Users\AzEulB\GravityDesigns\node_modules\@angular\core\package.json
21 verbose installManyTop reading scoped package data from C:\Users\AzEulB\GravityDesigns\node_modules\@angular\forms\package.json
22 verbose installManyTop reading scoped package data from C:\Users\AzEulB\GravityDesigns\node_modules\@angular\http\package.json
23 verbose installManyTop reading scoped package data from C:\Users\AzEulB\GravityDesigns\node_modules\@angular\platform-browser\package.json
24 verbose installManyTop reading scoped package data from C:\Users\AzEulB\GravityDesigns\node_modules\@angular\platform-browser-dynamic\package.json
25 verbose installManyTop reading scoped package data from C:\Users\AzEulB\GravityDesigns\node_modules\@angular\router\package.json
26 info package.json lazy@1.0.11 license should be a valid SPDX license expression
27 verbose readDependencies loading dependencies from C:\Users\AzEulB\GravityDesigns\package.json
28 silly cache add args [ 'nativescript-scrollview', null ]
29 verbose cache add spec nativescript-scrollview
30 silly cache add parsed spec Result {
30 silly cache add   raw: 'nativescript-scrollview',
30 silly cache add   scope: null,
30 silly cache add   name: 'nativescript-scrollview',
30 silly cache add   rawSpec: '',
30 silly cache add   spec: 'latest',
30 silly cache add   type: 'tag' }
31 silly addNamed nativescript-scrollview@latest
32 verbose addNamed "latest" is being treated as a dist-tag for nativescript-scrollview
33 info addNameTag [ 'nativescript-scrollview', 'latest' ]
34 silly mapToRegistry name nativescript-scrollview
35 silly mapToRegistry using default registry
36 silly mapToRegistry registry https://registry.npmjs.org/
37 silly mapToRegistry data Result {
37 silly mapToRegistry   raw: 'nativescript-scrollview',
37 silly mapToRegistry   scope: null,
37 silly mapToRegistry   name: 'nativescript-scrollview',
37 silly mapToRegistry   rawSpec: '',
37 silly mapToRegistry   spec: 'latest',
37 silly mapToRegistry   type: 'tag' }
38 silly mapToRegistry uri https://registry.npmjs.org/nativescript-scrollview
39 verbose addNameTag registry:https://registry.npmjs.org/nativescript-scrollview not in flight; fetching
40 verbose request uri https://registry.npmjs.org/nativescript-scrollview
41 verbose request no auth needed
42 info attempt registry request try #1 at 8:50:00 AM
43 verbose request id 39fe7b18fba0c2d8
44 http request GET https://registry.npmjs.org/nativescript-scrollview
45 http 404 https://registry.npmjs.org/nativescript-scrollview
46 verbose headers { 'content-type': 'application/json',
46 verbose headers   'cache-control': 'max-age=0',
46 verbose headers   'content-length': '2',
46 verbose headers   'accept-ranges': 'bytes',
46 verbose headers   date: 'Thu, 19 Jan 2017 01:50:06 GMT',
46 verbose headers   via: '1.1 varnish',
46 verbose headers   age: '0',
46 verbose headers   connection: 'keep-alive',
46 verbose headers   'x-served-by': 'cache-sin6922-SIN',
46 verbose headers   'x-cache': 'MISS',
46 verbose headers   'x-cache-hits': '0',
46 verbose headers   'x-timer': 'S1484790604.922930,VS0,VE1101',
46 verbose headers   vary: 'Accept-Encoding' }
47 silly get cb [ 404,
47 silly get   { 'content-type': 'application/json',
47 silly get     'cache-control': 'max-age=0',
47 silly get     'content-length': '2',
47 silly get     'accept-ranges': 'bytes',
47 silly get     date: 'Thu, 19 Jan 2017 01:50:06 GMT',
47 silly get     via: '1.1 varnish',
47 silly get     age: '0',
47 silly get     connection: 'keep-alive',
47 silly get     'x-served-by': 'cache-sin6922-SIN',
47 silly get     'x-cache': 'MISS',
47 silly get     'x-cache-hits': '0',
47 silly get     'x-timer': 'S1484790604.922930,VS0,VE1101',
47 silly get     vary: 'Accept-Encoding' } ]
48 verbose stack Error: Registry returned 404 for GET on https://registry.npmjs.org/nativescript-scrollview
48 verbose stack     at makeError (C:\Program Files\nodejs\node_modules\npm\node_modules\npm-registry-client\lib\request.js:264:12)
48 verbose stack     at CachingRegistryClient.<anonymous> (C:\Program Files\nodejs\node_modules\npm\node_modules\npm-registry-client\lib\request.js:242:14)
48 verbose stack     at Request._callback (C:\Program Files\nodejs\node_modules\npm\node_modules\npm-registry-client\lib\request.js:172:14)
48 verbose stack     at Request.self.callback (C:\Program Files\nodejs\node_modules\npm\node_modules\request\request.js:200:22)
48 verbose stack     at emitTwo (events.js:87:13)
48 verbose stack     at Request.emit (events.js:172:7)
48 verbose stack     at Request.<anonymous> (C:\Program Files\nodejs\node_modules\npm\node_modules\request\request.js:1067:10)
48 verbose stack     at emitOne (events.js:82:20)
48 verbose stack     at Request.emit (events.js:169:7)
48 verbose stack     at IncomingMessage.<anonymous> (C:\Program Files\nodejs\node_modules\npm\node_modules\request\request.js:988:12)
49 verbose statusCode 404
50 verbose pkgid nativescript-scrollview
51 verbose cwd C:\Users\AzEulB\GravityDesigns
52 error Windows_NT 6.3.9600
53 error argv "C:\\Program Files\\nodejs\\node.exe" "C:\\Program Files\\nodejs\\node_modules\\npm\\bin\\npm-cli.js" "install" "nativescript-scrollview"
54 error node v4.5.0
55 error npm  v2.15.9
56 error code E404
57 error 404 Registry returned 404 for GET on https://registry.npmjs.org/nativescript-scrollview
57 error 404
57 error 404 'nativescript-scrollview' is not in the npm registry.
57 error 404 You should bug the author to publish it (or use the name yourself!)
57 error 404
57 error 404 Note that you can also install from a
57 error 404 tarball, folder, http url, or git url.
58 verbose exit [ 1, true ]
